[21-04-20 08:51:01:563][INFO ][com.cube.CubeBootApplication][main]Starting CubeBootApplication using Java 1.8.0_191 on chiwei-PC with PID 36936 (E:\code\cube-nacos-provider\target\classes started by chiwei in E:\code\cube-nacos-provider)
[21-04-20 08:51:01:566][INFO ][com.cube.CubeBootApplication][main]The following profiles are active: dev
[21-04-20 08:51:02:571][INFO ][org.springframework.data.repository.config.RepositoryConfigurationDelegate][main]Multiple Spring Data modules found, entering strict repository configuration mode!
[21-04-20 08:51:02:574][INFO ][org.springframework.data.repository.config.RepositoryConfigurationDelegate][main]Bootstrapping Spring Data Redis repositories in DEFAULT mode.
[21-04-20 08:51:02:592][INFO ][org.springframework.data.repository.config.RepositoryConfigurationDelegate][main]Finished Spring Data repository scanning in 5 ms. Found 0 Redis repository interfaces.
[21-04-20 08:51:02:794][INFO ][org.springframework.cloud.context.scope.GenericScope][main]BeanFactory id=359b8f1c-1a84-39fc-97ae-106e42cef84b
[21-04-20 08:51:02:835][INFO ][com.ulisesbocchio.jasyptspringboot.configuration.EnableEncryptablePropertiesBeanFactoryPostProcessor][main]Post-processing PropertySource instances
[21-04-20 08:51:02:861][INFO ][com.ulisesbocchio.jasyptspringboot.EncryptablePropertySourceConverter][main]Converting PropertySource configurationProperties [org.springframework.boot.context.properties.source.ConfigurationPropertySourcesPropertySource] to AOP Proxy
[21-04-20 08:51:02:863][INFO ][com.ulisesbocchio.jasyptspringboot.EncryptablePropertySourceConverter][main]Converting PropertySource servletConfigInitParams [org.springframework.core.env.PropertySource$StubPropertySource] to EncryptablePropertySourceWrapper
[21-04-20 08:51:02:863][INFO ][com.ulisesbocchio.jasyptspringboot.EncryptablePropertySourceConverter][main]Converting PropertySource servletContextInitParams [org.springframework.core.env.PropertySource$StubPropertySource] to EncryptablePropertySourceWrapper
[21-04-20 08:51:02:863][INFO ][com.ulisesbocchio.jasyptspringboot.EncryptablePropertySourceConverter][main]Converting PropertySource systemProperties [org.springframework.core.env.PropertiesPropertySource] to EncryptableMapPropertySourceWrapper
[21-04-20 08:51:02:864][INFO ][com.ulisesbocchio.jasyptspringboot.EncryptablePropertySourceConverter][main]Converting PropertySource systemEnvironment [org.springframework.boot.env.SystemEnvironmentPropertySourceEnvironmentPostProcessor$OriginAwareSystemEnvironmentPropertySource] to EncryptableSystemEnvironmentPropertySourceWrapper
[21-04-20 08:51:02:864][INFO ][com.ulisesbocchio.jasyptspringboot.EncryptablePropertySourceConverter][main]Converting PropertySource random [org.springframework.boot.env.RandomValuePropertySource] to EncryptablePropertySourceWrapper
[21-04-20 08:51:02:864][INFO ][com.ulisesbocchio.jasyptspringboot.EncryptablePropertySourceConverter][main]Converting PropertySource cachedrandom [org.springframework.cloud.util.random.CachedRandomPropertySource] to EncryptablePropertySourceWrapper
[21-04-20 08:51:02:864][INFO ][com.ulisesbocchio.jasyptspringboot.EncryptablePropertySourceConverter][main]Converting PropertySource springCloudClientHostInfo [org.springframework.core.env.MapPropertySource] to EncryptableMapPropertySourceWrapper
[21-04-20 08:51:02:864][INFO ][com.ulisesbocchio.jasyptspringboot.EncryptablePropertySourceConverter][main]Converting PropertySource Config resource 'file [config\application-dev.properties]' via location 'optional:file:./config/' [org.springframework.boot.env.OriginTrackedMapPropertySource] to EncryptableMapPropertySourceWrapper
[21-04-20 08:51:02:864][INFO ][com.ulisesbocchio.jasyptspringboot.EncryptablePropertySourceConverter][main]Converting PropertySource Config resource 'file [config\application.properties]' via location 'optional:file:./config/' [org.springframework.boot.env.OriginTrackedMapPropertySource] to EncryptableMapPropertySourceWrapper
[21-04-20 08:51:02:953][INFO ][com.ulisesbocchio.jasyptspringboot.filter.DefaultLazyPropertyFilter][main]Property Filter custom Bean not found with name 'encryptablePropertyFilter'. Initializing Default Property Filter
[21-04-20 08:51:03:098][INFO ][com.ulisesbocchio.jasyptspringboot.resolver.DefaultLazyPropertyResolver][main]Property Resolver custom Bean not found with name 'encryptablePropertyResolver'. Initializing Default Property Resolver
[21-04-20 08:51:03:101][INFO ][com.ulisesbocchio.jasyptspringboot.detector.DefaultLazyPropertyDetector][main]Property Detector custom Bean not found with name 'encryptablePropertyDetector'. Initializing Default Property Detector
[21-04-20 08:51:03:587][INFO ][org.springframework.boot.web.embedded.tomcat.TomcatWebServer][main]Tomcat initialized with port(s): 9288 (http)
[21-04-20 08:51:03:599][INFO ][org.apache.catalina.core.StandardService][main]Starting service [Tomcat]
[21-04-20 08:51:03:600][INFO ][org.apache.catalina.core.StandardEngine][main]Starting Servlet engine: [Apache Tomcat/9.0.43]
[21-04-20 08:51:03:781][INFO ][org.apache.catalina.core.ContainerBase.[Tomcat].[localhost].[/cube]][main]Initializing Spring embedded WebApplicationContext
[21-04-20 08:51:03:781][INFO ][org.springframework.boot.web.servlet.context.ServletWebServerApplicationContext][main]Root WebApplicationContext: initialization completed in 2151 ms
[21-04-20 08:51:04:512][INFO ][org.springframework.scheduling.concurrent.ThreadPoolTaskExecutor][main]Initializing ExecutorService 'applicationTaskExecutor'
[21-04-20 08:51:04:949][INFO ][org.springframework.scheduling.concurrent.ThreadPoolTaskScheduler][main]Initializing ExecutorService 'taskScheduler'
[21-04-20 08:51:06:038][INFO ][org.springframework.boot.web.embedded.tomcat.TomcatWebServer][main]Tomcat started on port(s): 9288 (http) with context path '/cube'
[21-04-20 08:51:06:063][INFO ][com.alibaba.cloud.nacos.registry.NacosServiceRegistry][main]nacos registry, DEFAULT_GROUP cube-nacos-provider 172.30.1.82:9288 register finished
[21-04-20 08:51:06:584][INFO ][com.cube.CubeBootApplication][main]Started CubeBootApplication in 5.855 seconds (JVM running for 6.272)
[21-04-20 08:51:06:588][INFO ][com.cube.CubeBootApplication][main]
----------------------------------------------------------
	Application is running! Access URLs:
	swagger-ui: 	http://ip:port/${context-path}/swagger/index.html
	----------------------------------------------------------
[21-04-20 08:55:58:501][INFO ][com.cube.CubeBootApplication][main]Starting CubeBootApplication using Java 1.8.0_191 on chiwei-PC with PID 23804 (E:\code\cube-nacos-provider\target\classes started by chiwei in E:\code\cube-nacos-provider)
[21-04-20 08:55:58:504][INFO ][com.cube.CubeBootApplication][main]The following profiles are active: dev
[21-04-20 08:55:59:421][INFO ][org.springframework.data.repository.config.RepositoryConfigurationDelegate][main]Multiple Spring Data modules found, entering strict repository configuration mode!
[21-04-20 08:55:59:424][INFO ][org.springframework.data.repository.config.RepositoryConfigurationDelegate][main]Bootstrapping Spring Data Redis repositories in DEFAULT mode.
[21-04-20 08:55:59:443][INFO ][org.springframework.data.repository.config.RepositoryConfigurationDelegate][main]Finished Spring Data repository scanning in 5 ms. Found 0 Redis repository interfaces.
[21-04-20 08:55:59:645][INFO ][org.springframework.cloud.context.scope.GenericScope][main]BeanFactory id=359b8f1c-1a84-39fc-97ae-106e42cef84b
[21-04-20 08:55:59:690][INFO ][com.ulisesbocchio.jasyptspringboot.configuration.EnableEncryptablePropertiesBeanFactoryPostProcessor][main]Post-processing PropertySource instances
[21-04-20 08:55:59:714][INFO ][com.ulisesbocchio.jasyptspringboot.EncryptablePropertySourceConverter][main]Converting PropertySource configurationProperties [org.springframework.boot.context.properties.source.ConfigurationPropertySourcesPropertySource] to AOP Proxy
[21-04-20 08:55:59:715][INFO ][com.ulisesbocchio.jasyptspringboot.EncryptablePropertySourceConverter][main]Converting PropertySource servletConfigInitParams [org.springframework.core.env.PropertySource$StubPropertySource] to EncryptablePropertySourceWrapper
[21-04-20 08:55:59:716][INFO ][com.ulisesbocchio.jasyptspringboot.EncryptablePropertySourceConverter][main]Converting PropertySource servletContextInitParams [org.springframework.core.env.PropertySource$StubPropertySource] to EncryptablePropertySourceWrapper
[21-04-20 08:55:59:716][INFO ][com.ulisesbocchio.jasyptspringboot.EncryptablePropertySourceConverter][main]Converting PropertySource systemProperties [org.springframework.core.env.PropertiesPropertySource] to EncryptableMapPropertySourceWrapper
[21-04-20 08:55:59:716][INFO ][com.ulisesbocchio.jasyptspringboot.EncryptablePropertySourceConverter][main]Converting PropertySource systemEnvironment [org.springframework.boot.env.SystemEnvironmentPropertySourceEnvironmentPostProcessor$OriginAwareSystemEnvironmentPropertySource] to EncryptableSystemEnvironmentPropertySourceWrapper
[21-04-20 08:55:59:716][INFO ][com.ulisesbocchio.jasyptspringboot.EncryptablePropertySourceConverter][main]Converting PropertySource random [org.springframework.boot.env.RandomValuePropertySource] to EncryptablePropertySourceWrapper
[21-04-20 08:55:59:716][INFO ][com.ulisesbocchio.jasyptspringboot.EncryptablePropertySourceConverter][main]Converting PropertySource cachedrandom [org.springframework.cloud.util.random.CachedRandomPropertySource] to EncryptablePropertySourceWrapper
[21-04-20 08:55:59:716][INFO ][com.ulisesbocchio.jasyptspringboot.EncryptablePropertySourceConverter][main]Converting PropertySource springCloudClientHostInfo [org.springframework.core.env.MapPropertySource] to EncryptableMapPropertySourceWrapper
[21-04-20 08:55:59:717][INFO ][com.ulisesbocchio.jasyptspringboot.EncryptablePropertySourceConverter][main]Converting PropertySource Config resource 'file [config\application-dev.properties]' via location 'optional:file:./config/' [org.springframework.boot.env.OriginTrackedMapPropertySource] to EncryptableMapPropertySourceWrapper
[21-04-20 08:55:59:717][INFO ][com.ulisesbocchio.jasyptspringboot.EncryptablePropertySourceConverter][main]Converting PropertySource Config resource 'file [config\application.properties]' via location 'optional:file:./config/' [org.springframework.boot.env.OriginTrackedMapPropertySource] to EncryptableMapPropertySourceWrapper
[21-04-20 08:55:59:802][INFO ][com.ulisesbocchio.jasyptspringboot.filter.DefaultLazyPropertyFilter][main]Property Filter custom Bean not found with name 'encryptablePropertyFilter'. Initializing Default Property Filter
[21-04-20 08:55:59:953][INFO ][com.ulisesbocchio.jasyptspringboot.resolver.DefaultLazyPropertyResolver][main]Property Resolver custom Bean not found with name 'encryptablePropertyResolver'. Initializing Default Property Resolver
[21-04-20 08:55:59:956][INFO ][com.ulisesbocchio.jasyptspringboot.detector.DefaultLazyPropertyDetector][main]Property Detector custom Bean not found with name 'encryptablePropertyDetector'. Initializing Default Property Detector
[21-04-20 08:56:00:461][INFO ][org.springframework.boot.web.embedded.tomcat.TomcatWebServer][main]Tomcat initialized with port(s): 9288 (http)
[21-04-20 08:56:00:472][INFO ][org.apache.catalina.core.StandardService][main]Starting service [Tomcat]
[21-04-20 08:56:00:473][INFO ][org.apache.catalina.core.StandardEngine][main]Starting Servlet engine: [Apache Tomcat/9.0.43]
[21-04-20 08:56:00:630][INFO ][org.apache.catalina.core.ContainerBase.[Tomcat].[localhost].[/cube]][main]Initializing Spring embedded WebApplicationContext
[21-04-20 08:56:00:630][INFO ][org.springframework.boot.web.servlet.context.ServletWebServerApplicationContext][main]Root WebApplicationContext: initialization completed in 2071 ms
[21-04-20 08:56:01:385][INFO ][org.springframework.scheduling.concurrent.ThreadPoolTaskExecutor][main]Initializing ExecutorService 'applicationTaskExecutor'
[21-04-20 08:56:01:837][INFO ][org.springframework.scheduling.concurrent.ThreadPoolTaskScheduler][main]Initializing ExecutorService 'taskScheduler'
[21-04-20 08:56:02:933][INFO ][org.springframework.boot.web.embedded.tomcat.TomcatWebServer][main]Tomcat started on port(s): 9288 (http) with context path '/cube'
[21-04-20 08:56:02:957][INFO ][com.alibaba.cloud.nacos.registry.NacosServiceRegistry][main]nacos registry, DEFAULT_GROUP cube-nacos-provider 172.30.1.82:9288 register finished
[21-04-20 08:56:03:526][INFO ][com.cube.CubeBootApplication][main]Started CubeBootApplication in 5.742 seconds (JVM running for 6.167)
[21-04-20 08:56:03:530][INFO ][com.cube.CubeBootApplication][main]
----------------------------------------------------------
	Application is running! Access URLs:
	swagger-ui: 	http://ip:port/${context-path}/swagger/index.html
	----------------------------------------------------------
[21-04-20 08:58:49:839][INFO ][org.apache.catalina.core.ContainerBase.[Tomcat].[localhost].[/cube]][http-nio-9288-exec-1]Initializing Spring DispatcherServlet 'dispatcherServlet'
[21-04-20 08:58:49:839][INFO ][org.springframework.web.servlet.DispatcherServlet][http-nio-9288-exec-1]Initializing Servlet 'dispatcherServlet'
[21-04-20 08:58:49:841][INFO ][org.springframework.web.servlet.DispatcherServlet][http-nio-9288-exec-1]Completed initialization in 2 ms
[21-04-20 08:58:49:872][INFO ][com.cube.controller.TestController][http-nio-9288-exec-1]nacos provider test controller ...
[21-04-20 14:19:54:140][INFO ][com.cube.CubeBootApplication][main]Starting CubeBootApplication using Java 1.8.0_191 on chiwei-PC with PID 32720 (E:\code\cube-nacos-provider\target\classes started by chiwei in E:\code\cube-nacos-provider)
[21-04-20 14:19:54:144][INFO ][com.cube.CubeBootApplication][main]The following profiles are active: dev
[21-04-20 14:19:55:048][INFO ][org.springframework.data.repository.config.RepositoryConfigurationDelegate][main]Multiple Spring Data modules found, entering strict repository configuration mode!
[21-04-20 14:19:55:050][INFO ][org.springframework.data.repository.config.RepositoryConfigurationDelegate][main]Bootstrapping Spring Data Redis repositories in DEFAULT mode.
[21-04-20 14:19:55:071][INFO ][org.springframework.data.repository.config.RepositoryConfigurationDelegate][main]Finished Spring Data repository scanning in 6 ms. Found 0 Redis repository interfaces.
[21-04-20 14:19:55:286][INFO ][org.springframework.cloud.context.scope.GenericScope][main]BeanFactory id=6f54a2a6-26ff-372a-bc3a-0f770b1748f9
[21-04-20 14:19:55:327][INFO ][com.ulisesbocchio.jasyptspringboot.configuration.EnableEncryptablePropertiesBeanFactoryPostProcessor][main]Post-processing PropertySource instances
[21-04-20 14:19:55:349][INFO ][com.ulisesbocchio.jasyptspringboot.EncryptablePropertySourceConverter][main]Converting PropertySource configurationProperties [org.springframework.boot.context.properties.source.ConfigurationPropertySourcesPropertySource] to AOP Proxy
[21-04-20 14:19:55:350][INFO ][com.ulisesbocchio.jasyptspringboot.EncryptablePropertySourceConverter][main]Converting PropertySource servletConfigInitParams [org.springframework.core.env.PropertySource$StubPropertySource] to EncryptablePropertySourceWrapper
[21-04-20 14:19:55:350][INFO ][com.ulisesbocchio.jasyptspringboot.EncryptablePropertySourceConverter][main]Converting PropertySource servletContextInitParams [org.springframework.core.env.PropertySource$StubPropertySource] to EncryptablePropertySourceWrapper
[21-04-20 14:19:55:350][INFO ][com.ulisesbocchio.jasyptspringboot.EncryptablePropertySourceConverter][main]Converting PropertySource systemProperties [org.springframework.core.env.PropertiesPropertySource] to EncryptableMapPropertySourceWrapper
[21-04-20 14:19:55:350][INFO ][com.ulisesbocchio.jasyptspringboot.EncryptablePropertySourceConverter][main]Converting PropertySource systemEnvironment [org.springframework.boot.env.SystemEnvironmentPropertySourceEnvironmentPostProcessor$OriginAwareSystemEnvironmentPropertySource] to EncryptableSystemEnvironmentPropertySourceWrapper
[21-04-20 14:19:55:351][INFO ][com.ulisesbocchio.jasyptspringboot.EncryptablePropertySourceConverter][main]Converting PropertySource random [org.springframework.boot.env.RandomValuePropertySource] to EncryptablePropertySourceWrapper
[21-04-20 14:19:55:351][INFO ][com.ulisesbocchio.jasyptspringboot.EncryptablePropertySourceConverter][main]Converting PropertySource springCloudClientHostInfo [org.springframework.core.env.MapPropertySource] to EncryptableMapPropertySourceWrapper
[21-04-20 14:19:55:351][INFO ][com.ulisesbocchio.jasyptspringboot.EncryptablePropertySourceConverter][main]Converting PropertySource Config resource 'file [config\application-dev.properties]' via location 'optional:file:./config/' [org.springframework.boot.env.OriginTrackedMapPropertySource] to EncryptableMapPropertySourceWrapper
[21-04-20 14:19:55:351][INFO ][com.ulisesbocchio.jasyptspringboot.EncryptablePropertySourceConverter][main]Converting PropertySource Config resource 'file [config\application.properties]' via location 'optional:file:./config/' [org.springframework.boot.env.OriginTrackedMapPropertySource] to EncryptableMapPropertySourceWrapper
[21-04-20 14:19:55:440][INFO ][com.ulisesbocchio.jasyptspringboot.filter.DefaultLazyPropertyFilter][main]Property Filter custom Bean not found with name 'encryptablePropertyFilter'. Initializing Default Property Filter
[21-04-20 14:19:55:594][INFO ][com.ulisesbocchio.jasyptspringboot.resolver.DefaultLazyPropertyResolver][main]Property Resolver custom Bean not found with name 'encryptablePropertyResolver'. Initializing Default Property Resolver
[21-04-20 14:19:55:597][INFO ][com.ulisesbocchio.jasyptspringboot.detector.DefaultLazyPropertyDetector][main]Property Detector custom Bean not found with name 'encryptablePropertyDetector'. Initializing Default Property Detector
[21-04-20 14:19:56:091][INFO ][org.springframework.boot.web.embedded.tomcat.TomcatWebServer][main]Tomcat initialized with port(s): 9288 (http)
[21-04-20 14:19:56:102][INFO ][org.apache.catalina.core.StandardService][main]Starting service [Tomcat]
[21-04-20 14:19:56:103][INFO ][org.apache.catalina.core.StandardEngine][main]Starting Servlet engine: [Apache Tomcat/9.0.43]
[21-04-20 14:19:56:277][INFO ][org.apache.catalina.core.ContainerBase.[Tomcat].[localhost].[/cube]][main]Initializing Spring embedded WebApplicationContext
[21-04-20 14:19:56:277][INFO ][org.springframework.boot.web.servlet.context.ServletWebServerApplicationContext][main]Root WebApplicationContext: initialization completed in 2078 ms
[21-04-20 14:19:57:017][INFO ][org.springframework.scheduling.concurrent.ThreadPoolTaskExecutor][main]Initializing ExecutorService 'applicationTaskExecutor'
[21-04-20 14:19:57:476][INFO ][org.springframework.scheduling.concurrent.ThreadPoolTaskScheduler][main]Initializing ExecutorService 'taskScheduler'
[21-04-20 14:19:58:667][INFO ][org.springframework.boot.web.embedded.tomcat.TomcatWebServer][main]Tomcat started on port(s): 9288 (http) with context path '/cube'
[21-04-20 14:19:58:738][INFO ][com.alibaba.cloud.nacos.registry.NacosServiceRegistry][main]nacos registry, DEFAULT_GROUP cube-nacos-provider 172.30.1.82:9288 register finished
[21-04-20 14:19:59:308][INFO ][com.cube.CubeBootApplication][main]Started CubeBootApplication in 5.921 seconds (JVM running for 6.349)
[21-04-20 14:19:59:313][INFO ][com.cube.CubeBootApplication][main]
----------------------------------------------------------
	Application is running! Access URLs:
	swagger-ui: 	http://ip:port/${context-path}/swagger/index.html
	----------------------------------------------------------
[21-04-20 15:02:50:695][INFO ][com.cube.CubeBootApplication][main]Starting CubeBootApplication using Java 1.8.0_191 on chiwei-PC with PID 9352 (E:\code\cube-nacos-provider\target\classes started by chiwei in E:\code\cube-nacos-provider)
[21-04-20 15:02:50:698][INFO ][com.cube.CubeBootApplication][main]The following profiles are active: dev
[21-04-20 15:02:51:692][INFO ][org.springframework.data.repository.config.RepositoryConfigurationDelegate][main]Multiple Spring Data modules found, entering strict repository configuration mode!
[21-04-20 15:02:51:695][INFO ][org.springframework.data.repository.config.RepositoryConfigurationDelegate][main]Bootstrapping Spring Data Redis repositories in DEFAULT mode.
[21-04-20 15:02:51:717][INFO ][org.springframework.data.repository.config.RepositoryConfigurationDelegate][main]Finished Spring Data repository scanning in 6 ms. Found 0 Redis repository interfaces.
[21-04-20 15:02:51:922][INFO ][org.springframework.cloud.context.scope.GenericScope][main]BeanFactory id=6f54a2a6-26ff-372a-bc3a-0f770b1748f9
[21-04-20 15:02:51:969][INFO ][com.ulisesbocchio.jasyptspringboot.configuration.EnableEncryptablePropertiesBeanFactoryPostProcessor][main]Post-processing PropertySource instances
[21-04-20 15:02:51:991][INFO ][com.ulisesbocchio.jasyptspringboot.EncryptablePropertySourceConverter][main]Converting PropertySource configurationProperties [org.springframework.boot.context.properties.source.ConfigurationPropertySourcesPropertySource] to AOP Proxy
[21-04-20 15:02:51:993][INFO ][com.ulisesbocchio.jasyptspringboot.EncryptablePropertySourceConverter][main]Converting PropertySource servletConfigInitParams [org.springframework.core.env.PropertySource$StubPropertySource] to EncryptablePropertySourceWrapper
[21-04-20 15:02:51:993][INFO ][com.ulisesbocchio.jasyptspringboot.EncryptablePropertySourceConverter][main]Converting PropertySource servletContextInitParams [org.springframework.core.env.PropertySource$StubPropertySource] to EncryptablePropertySourceWrapper
[21-04-20 15:02:51:993][INFO ][com.ulisesbocchio.jasyptspringboot.EncryptablePropertySourceConverter][main]Converting PropertySource systemProperties [org.springframework.core.env.PropertiesPropertySource] to EncryptableMapPropertySourceWrapper
[21-04-20 15:02:51:993][INFO ][com.ulisesbocchio.jasyptspringboot.EncryptablePropertySourceConverter][main]Converting PropertySource systemEnvironment [org.springframework.boot.env.SystemEnvironmentPropertySourceEnvironmentPostProcessor$OriginAwareSystemEnvironmentPropertySource] to EncryptableSystemEnvironmentPropertySourceWrapper
[21-04-20 15:02:51:994][INFO ][com.ulisesbocchio.jasyptspringboot.EncryptablePropertySourceConverter][main]Converting PropertySource random [org.springframework.boot.env.RandomValuePropertySource] to EncryptablePropertySourceWrapper
[21-04-20 15:02:51:994][INFO ][com.ulisesbocchio.jasyptspringboot.EncryptablePropertySourceConverter][main]Converting PropertySource springCloudClientHostInfo [org.springframework.core.env.MapPropertySource] to EncryptableMapPropertySourceWrapper
[21-04-20 15:02:51:994][INFO ][com.ulisesbocchio.jasyptspringboot.EncryptablePropertySourceConverter][main]Converting PropertySource Config resource 'file [config\application-dev.properties]' via location 'optional:file:./config/' [org.springframework.boot.env.OriginTrackedMapPropertySource] to EncryptableMapPropertySourceWrapper
[21-04-20 15:02:51:994][INFO ][com.ulisesbocchio.jasyptspringboot.EncryptablePropertySourceConverter][main]Converting PropertySource Config resource 'file [config\application.properties]' via location 'optional:file:./config/' [org.springframework.boot.env.OriginTrackedMapPropertySource] to EncryptableMapPropertySourceWrapper
[21-04-20 15:02:52:083][INFO ][com.ulisesbocchio.jasyptspringboot.filter.DefaultLazyPropertyFilter][main]Property Filter custom Bean not found with name 'encryptablePropertyFilter'. Initializing Default Property Filter
[21-04-20 15:02:52:246][INFO ][com.ulisesbocchio.jasyptspringboot.resolver.DefaultLazyPropertyResolver][main]Property Resolver custom Bean not found with name 'encryptablePropertyResolver'. Initializing Default Property Resolver
[21-04-20 15:02:52:251][INFO ][com.ulisesbocchio.jasyptspringboot.detector.DefaultLazyPropertyDetector][main]Property Detector custom Bean not found with name 'encryptablePropertyDetector'. Initializing Default Property Detector
[21-04-20 15:02:52:759][INFO ][org.springframework.boot.web.embedded.tomcat.TomcatWebServer][main]Tomcat initialized with port(s): 9288 (http)
[21-04-20 15:02:52:770][INFO ][org.apache.catalina.core.StandardService][main]Starting service [Tomcat]
[21-04-20 15:02:52:771][INFO ][org.apache.catalina.core.StandardEngine][main]Starting Servlet engine: [Apache Tomcat/9.0.43]
[21-04-20 15:02:52:927][INFO ][org.apache.catalina.core.ContainerBase.[Tomcat].[localhost].[/cube]][main]Initializing Spring embedded WebApplicationContext
[21-04-20 15:02:52:927][INFO ][org.springframework.boot.web.servlet.context.ServletWebServerApplicationContext][main]Root WebApplicationContext: initialization completed in 2175 ms
[21-04-20 15:02:53:671][INFO ][org.springframework.scheduling.concurrent.ThreadPoolTaskExecutor][main]Initializing ExecutorService 'applicationTaskExecutor'
[21-04-20 15:02:54:129][INFO ][org.springframework.scheduling.concurrent.ThreadPoolTaskScheduler][main]Initializing ExecutorService 'taskScheduler'
[21-04-20 15:02:55:202][INFO ][org.springframework.boot.web.embedded.tomcat.TomcatWebServer][main]Tomcat started on port(s): 9288 (http) with context path '/cube'
[21-04-20 15:02:55:229][INFO ][com.alibaba.cloud.nacos.registry.NacosServiceRegistry][main]nacos registry, DEFAULT_GROUP cube-nacos-provider 172.30.1.82:9288 register finished
[21-04-20 15:02:55:782][INFO ][com.cube.CubeBootApplication][main]Started CubeBootApplication in 6.037 seconds (JVM running for 6.477)
[21-04-20 15:02:55:785][INFO ][com.cube.CubeBootApplication][main]
----------------------------------------------------------
	Application is running! Access URLs:
	swagger-ui: 	http://ip:port/${context-path}/swagger/index.html
	----------------------------------------------------------
[21-04-20 15:05:06:061][INFO ][com.cube.CubeBootApplication][main]Starting CubeBootApplication using Java 1.8.0_191 on chiwei-PC with PID 31900 (E:\code\cube-nacos-provider\target\classes started by chiwei in E:\code\cube-nacos-provider)
[21-04-20 15:05:06:065][INFO ][com.cube.CubeBootApplication][main]The following profiles are active: dev
[21-04-20 15:05:07:006][INFO ][org.springframework.data.repository.config.RepositoryConfigurationDelegate][main]Multiple Spring Data modules found, entering strict repository configuration mode!
[21-04-20 15:05:07:008][INFO ][org.springframework.data.repository.config.RepositoryConfigurationDelegate][main]Bootstrapping Spring Data Redis repositories in DEFAULT mode.
[21-04-20 15:05:07:026][INFO ][org.springframework.data.repository.config.RepositoryConfigurationDelegate][main]Finished Spring Data repository scanning in 5 ms. Found 0 Redis repository interfaces.
[21-04-20 15:05:07:235][INFO ][org.springframework.cloud.context.scope.GenericScope][main]BeanFactory id=6f54a2a6-26ff-372a-bc3a-0f770b1748f9
[21-04-20 15:05:07:277][INFO ][com.ulisesbocchio.jasyptspringboot.configuration.EnableEncryptablePropertiesBeanFactoryPostProcessor][main]Post-processing PropertySource instances
[21-04-20 15:05:07:300][INFO ][com.ulisesbocchio.jasyptspringboot.EncryptablePropertySourceConverter][main]Converting PropertySource configurationProperties [org.springframework.boot.context.properties.source.ConfigurationPropertySourcesPropertySource] to AOP Proxy
[21-04-20 15:05:07:301][INFO ][com.ulisesbocchio.jasyptspringboot.EncryptablePropertySourceConverter][main]Converting PropertySource servletConfigInitParams [org.springframework.core.env.PropertySource$StubPropertySource] to EncryptablePropertySourceWrapper
[21-04-20 15:05:07:301][INFO ][com.ulisesbocchio.jasyptspringboot.EncryptablePropertySourceConverter][main]Converting PropertySource servletContextInitParams [org.springframework.core.env.PropertySource$StubPropertySource] to EncryptablePropertySourceWrapper
[21-04-20 15:05:07:301][INFO ][com.ulisesbocchio.jasyptspringboot.EncryptablePropertySourceConverter][main]Converting PropertySource systemProperties [org.springframework.core.env.PropertiesPropertySource] to EncryptableMapPropertySourceWrapper
[21-04-20 15:05:07:301][INFO ][com.ulisesbocchio.jasyptspringboot.EncryptablePropertySourceConverter][main]Converting PropertySource systemEnvironment [org.springframework.boot.env.SystemEnvironmentPropertySourceEnvironmentPostProcessor$OriginAwareSystemEnvironmentPropertySource] to EncryptableSystemEnvironmentPropertySourceWrapper
[21-04-20 15:05:07:302][INFO ][com.ulisesbocchio.jasyptspringboot.EncryptablePropertySourceConverter][main]Converting PropertySource random [org.springframework.boot.env.RandomValuePropertySource] to EncryptablePropertySourceWrapper
[21-04-20 15:05:07:302][INFO ][com.ulisesbocchio.jasyptspringboot.EncryptablePropertySourceConverter][main]Converting PropertySource springCloudClientHostInfo [org.springframework.core.env.MapPropertySource] to EncryptableMapPropertySourceWrapper
[21-04-20 15:05:07:302][INFO ][com.ulisesbocchio.jasyptspringboot.EncryptablePropertySourceConverter][main]Converting PropertySource Config resource 'file [config\application-dev.properties]' via location 'optional:file:./config/' [org.springframework.boot.env.OriginTrackedMapPropertySource] to EncryptableMapPropertySourceWrapper
[21-04-20 15:05:07:302][INFO ][com.ulisesbocchio.jasyptspringboot.EncryptablePropertySourceConverter][main]Converting PropertySource Config resource 'file [config\application.properties]' via location 'optional:file:./config/' [org.springframework.boot.env.OriginTrackedMapPropertySource] to EncryptableMapPropertySourceWrapper
[21-04-20 15:05:07:387][INFO ][com.ulisesbocchio.jasyptspringboot.filter.DefaultLazyPropertyFilter][main]Property Filter custom Bean not found with name 'encryptablePropertyFilter'. Initializing Default Property Filter
[21-04-20 15:05:07:564][INFO ][com.ulisesbocchio.jasyptspringboot.resolver.DefaultLazyPropertyResolver][main]Property Resolver custom Bean not found with name 'encryptablePropertyResolver'. Initializing Default Property Resolver
[21-04-20 15:05:07:567][INFO ][com.ulisesbocchio.jasyptspringboot.detector.DefaultLazyPropertyDetector][main]Property Detector custom Bean not found with name 'encryptablePropertyDetector'. Initializing Default Property Detector
[21-04-20 15:05:08:070][INFO ][org.springframework.boot.web.embedded.tomcat.TomcatWebServer][main]Tomcat initialized with port(s): 9288 (http)
[21-04-20 15:05:08:084][INFO ][org.apache.catalina.core.StandardService][main]Starting service [Tomcat]
[21-04-20 15:05:08:084][INFO ][org.apache.catalina.core.StandardEngine][main]Starting Servlet engine: [Apache Tomcat/9.0.43]
[21-04-20 15:05:08:242][INFO ][org.apache.catalina.core.ContainerBase.[Tomcat].[localhost].[/cube]][main]Initializing Spring embedded WebApplicationContext
[21-04-20 15:05:08:242][INFO ][org.springframework.boot.web.servlet.context.ServletWebServerApplicationContext][main]Root WebApplicationContext: initialization completed in 2110 ms
[21-04-20 15:05:08:972][INFO ][org.springframework.scheduling.concurrent.ThreadPoolTaskExecutor][main]Initializing ExecutorService 'applicationTaskExecutor'
[21-04-20 15:05:09:457][INFO ][org.springframework.scheduling.concurrent.ThreadPoolTaskScheduler][main]Initializing ExecutorService 'taskScheduler'
[21-04-20 15:05:10:603][INFO ][org.springframework.boot.web.embedded.tomcat.TomcatWebServer][main]Tomcat started on port(s): 9288 (http) with context path '/cube'
[21-04-20 15:05:10:830][INFO ][com.alibaba.cloud.nacos.registry.NacosServiceRegistry][main]nacos registry, DEFAULT_GROUP cube-nacos-provider 172.30.1.82:9288 register finished
[21-04-20 15:05:11:359][INFO ][com.cube.CubeBootApplication][main]Started CubeBootApplication in 6.037 seconds (JVM running for 6.533)
[21-04-20 15:05:11:363][INFO ][com.cube.CubeBootApplication][main]
----------------------------------------------------------
	Application is running! Access URLs:
	swagger-ui: 	http://ip:port/${context-path}/swagger/index.html
	----------------------------------------------------------
[21-04-20 15:12:48:830][INFO ][com.cube.CubeBootApplication][main]Starting CubeBootApplication using Java 1.8.0_191 on chiwei-PC with PID 16984 (E:\code\cube-nacos-provider\target\classes started by chiwei in E:\code\cube-nacos-provider)
[21-04-20 15:12:48:836][INFO ][com.cube.CubeBootApplication][main]The following profiles are active: dev
[21-04-20 15:12:49:771][INFO ][org.springframework.data.repository.config.RepositoryConfigurationDelegate][main]Multiple Spring Data modules found, entering strict repository configuration mode!
[21-04-20 15:12:49:774][INFO ][org.springframework.data.repository.config.RepositoryConfigurationDelegate][main]Bootstrapping Spring Data Redis repositories in DEFAULT mode.
[21-04-20 15:12:49:797][INFO ][org.springframework.data.repository.config.RepositoryConfigurationDelegate][main]Finished Spring Data repository scanning in 7 ms. Found 0 Redis repository interfaces.
[21-04-20 15:12:50:030][INFO ][org.springframework.cloud.context.scope.GenericScope][main]BeanFactory id=6f54a2a6-26ff-372a-bc3a-0f770b1748f9
[21-04-20 15:12:50:078][INFO ][com.ulisesbocchio.jasyptspringboot.configuration.EnableEncryptablePropertiesBeanFactoryPostProcessor][main]Post-processing PropertySource instances
[21-04-20 15:12:50:103][INFO ][com.ulisesbocchio.jasyptspringboot.EncryptablePropertySourceConverter][main]Converting PropertySource configurationProperties [org.springframework.boot.context.properties.source.ConfigurationPropertySourcesPropertySource] to AOP Proxy
[21-04-20 15:12:50:105][INFO ][com.ulisesbocchio.jasyptspringboot.EncryptablePropertySourceConverter][main]Converting PropertySource servletConfigInitParams [org.springframework.core.env.PropertySource$StubPropertySource] to EncryptablePropertySourceWrapper
[21-04-20 15:12:50:105][INFO ][com.ulisesbocchio.jasyptspringboot.EncryptablePropertySourceConverter][main]Converting PropertySource servletContextInitParams [org.springframework.core.env.PropertySource$StubPropertySource] to EncryptablePropertySourceWrapper
[21-04-20 15:12:50:105][INFO ][com.ulisesbocchio.jasyptspringboot.EncryptablePropertySourceConverter][main]Converting PropertySource systemProperties [org.springframework.core.env.PropertiesPropertySource] to EncryptableMapPropertySourceWrapper
[21-04-20 15:12:50:105][INFO ][com.ulisesbocchio.jasyptspringboot.EncryptablePropertySourceConverter][main]Converting PropertySource systemEnvironment [org.springframework.boot.env.SystemEnvironmentPropertySourceEnvironmentPostProcessor$OriginAwareSystemEnvironmentPropertySource] to EncryptableSystemEnvironmentPropertySourceWrapper
[21-04-20 15:12:50:105][INFO ][com.ulisesbocchio.jasyptspringboot.EncryptablePropertySourceConverter][main]Converting PropertySource random [org.springframework.boot.env.RandomValuePropertySource] to EncryptablePropertySourceWrapper
[21-04-20 15:12:50:105][INFO ][com.ulisesbocchio.jasyptspringboot.EncryptablePropertySourceConverter][main]Converting PropertySource springCloudClientHostInfo [org.springframework.core.env.MapPropertySource] to EncryptableMapPropertySourceWrapper
[21-04-20 15:12:50:106][INFO ][com.ulisesbocchio.jasyptspringboot.EncryptablePropertySourceConverter][main]Converting PropertySource Config resource 'file [config\application-dev.properties]' via location 'optional:file:./config/' [org.springframework.boot.env.OriginTrackedMapPropertySource] to EncryptableMapPropertySourceWrapper
[21-04-20 15:12:50:106][INFO ][com.ulisesbocchio.jasyptspringboot.EncryptablePropertySourceConverter][main]Converting PropertySource Config resource 'file [config\application.properties]' via location 'optional:file:./config/' [org.springframework.boot.env.OriginTrackedMapPropertySource] to EncryptableMapPropertySourceWrapper
[21-04-20 15:12:50:192][INFO ][com.ulisesbocchio.jasyptspringboot.filter.DefaultLazyPropertyFilter][main]Property Filter custom Bean not found with name 'encryptablePropertyFilter'. Initializing Default Property Filter
[21-04-20 15:12:50:368][INFO ][com.ulisesbocchio.jasyptspringboot.resolver.DefaultLazyPropertyResolver][main]Property Resolver custom Bean not found with name 'encryptablePropertyResolver'. Initializing Default Property Resolver
[21-04-20 15:12:50:372][INFO ][com.ulisesbocchio.jasyptspringboot.detector.DefaultLazyPropertyDetector][main]Property Detector custom Bean not found with name 'encryptablePropertyDetector'. Initializing Default Property Detector
[21-04-20 15:12:50:939][INFO ][org.springframework.boot.web.embedded.tomcat.TomcatWebServer][main]Tomcat initialized with port(s): 9288 (http)
[21-04-20 15:12:50:951][INFO ][org.apache.catalina.core.StandardService][main]Starting service [Tomcat]
[21-04-20 15:12:50:951][INFO ][org.apache.catalina.core.StandardEngine][main]Starting Servlet engine: [Apache Tomcat/9.0.43]
[21-04-20 15:12:51:105][INFO ][org.apache.catalina.core.ContainerBase.[Tomcat].[localhost].[/cube]][main]Initializing Spring embedded WebApplicationContext
[21-04-20 15:12:51:105][INFO ][org.springframework.boot.web.servlet.context.ServletWebServerApplicationContext][main]Root WebApplicationContext: initialization completed in 2205 ms
[21-04-20 15:12:51:915][INFO ][org.springframework.scheduling.concurrent.ThreadPoolTaskExecutor][main]Initializing ExecutorService 'applicationTaskExecutor'
[21-04-20 15:12:52:379][INFO ][org.springframework.scheduling.concurrent.ThreadPoolTaskScheduler][main]Initializing ExecutorService 'taskScheduler'
[21-04-20 15:12:53:558][INFO ][org.springframework.boot.web.embedded.tomcat.TomcatWebServer][main]Tomcat started on port(s): 9288 (http) with context path '/cube'
[21-04-20 15:12:53:751][INFO ][com.alibaba.cloud.nacos.registry.NacosServiceRegistry][main]nacos registry, DEFAULT_GROUP cube-nacos-provider 172.30.1.82:9288 register finished
[21-04-20 15:12:54:563][INFO ][com.cube.CubeBootApplication][main]Started CubeBootApplication in 6.464 seconds (JVM running for 6.889)
[21-04-20 15:12:54:566][INFO ][com.cube.CubeBootApplication][main]
----------------------------------------------------------
	Application is running! Access URLs:
	swagger-ui: 	http://ip:port/${context-path}/swagger/index.html
	----------------------------------------------------------
[21-04-20 15:14:31:492][INFO ][com.cube.CubeBootApplication][main]Starting CubeBootApplication using Java 1.8.0_191 on chiwei-PC with PID 30768 (E:\code\cube-nacos-provider\target\classes started by chiwei in E:\code\cube-nacos-provider)
[21-04-20 15:14:31:494][INFO ][com.cube.CubeBootApplication][main]The following profiles are active: dev
[21-04-20 15:14:32:536][INFO ][org.springframework.data.repository.config.RepositoryConfigurationDelegate][main]Multiple Spring Data modules found, entering strict repository configuration mode!
[21-04-20 15:14:32:540][INFO ][org.springframework.data.repository.config.RepositoryConfigurationDelegate][main]Bootstrapping Spring Data Redis repositories in DEFAULT mode.
[21-04-20 15:14:32:564][INFO ][org.springframework.data.repository.config.RepositoryConfigurationDelegate][main]Finished Spring Data repository scanning in 6 ms. Found 0 Redis repository interfaces.
[21-04-20 15:14:32:787][INFO ][org.springframework.cloud.context.scope.GenericScope][main]BeanFactory id=6f54a2a6-26ff-372a-bc3a-0f770b1748f9
[21-04-20 15:14:32:832][INFO ][com.ulisesbocchio.jasyptspringboot.configuration.EnableEncryptablePropertiesBeanFactoryPostProcessor][main]Post-processing PropertySource instances
[21-04-20 15:14:32:855][INFO ][com.ulisesbocchio.jasyptspringboot.EncryptablePropertySourceConverter][main]Converting PropertySource configurationProperties [org.springframework.boot.context.properties.source.ConfigurationPropertySourcesPropertySource] to AOP Proxy
[21-04-20 15:14:32:857][INFO ][com.ulisesbocchio.jasyptspringboot.EncryptablePropertySourceConverter][main]Converting PropertySource servletConfigInitParams [org.springframework.core.env.PropertySource$StubPropertySource] to EncryptablePropertySourceWrapper
[21-04-20 15:14:32:857][INFO ][com.ulisesbocchio.jasyptspringboot.EncryptablePropertySourceConverter][main]Converting PropertySource servletContextInitParams [org.springframework.core.env.PropertySource$StubPropertySource] to EncryptablePropertySourceWrapper
[21-04-20 15:14:32:858][INFO ][com.ulisesbocchio.jasyptspringboot.EncryptablePropertySourceConverter][main]Converting PropertySource systemProperties [org.springframework.core.env.PropertiesPropertySource] to EncryptableMapPropertySourceWrapper
[21-04-20 15:14:32:858][INFO ][com.ulisesbocchio.jasyptspringboot.EncryptablePropertySourceConverter][main]Converting PropertySource systemEnvironment [org.springframework.boot.env.SystemEnvironmentPropertySourceEnvironmentPostProcessor$OriginAwareSystemEnvironmentPropertySource] to EncryptableSystemEnvironmentPropertySourceWrapper
[21-04-20 15:14:32:858][INFO ][com.ulisesbocchio.jasyptspringboot.EncryptablePropertySourceConverter][main]Converting PropertySource random [org.springframework.boot.env.RandomValuePropertySource] to EncryptablePropertySourceWrapper
[21-04-20 15:14:32:858][INFO ][com.ulisesbocchio.jasyptspringboot.EncryptablePropertySourceConverter][main]Converting PropertySource springCloudClientHostInfo [org.springframework.core.env.MapPropertySource] to EncryptableMapPropertySourceWrapper
[21-04-20 15:14:32:858][INFO ][com.ulisesbocchio.jasyptspringboot.EncryptablePropertySourceConverter][main]Converting PropertySource Config resource 'file [config\application-dev.properties]' via location 'optional:file:./config/' [org.springframework.boot.env.OriginTrackedMapPropertySource] to EncryptableMapPropertySourceWrapper
[21-04-20 15:14:32:858][INFO ][com.ulisesbocchio.jasyptspringboot.EncryptablePropertySourceConverter][main]Converting PropertySource Config resource 'file [config\application.properties]' via location 'optional:file:./config/' [org.springframework.boot.env.OriginTrackedMapPropertySource] to EncryptableMapPropertySourceWrapper
[21-04-20 15:14:32:939][INFO ][com.ulisesbocchio.jasyptspringboot.filter.DefaultLazyPropertyFilter][main]Property Filter custom Bean not found with name 'encryptablePropertyFilter'. Initializing Default Property Filter
[21-04-20 15:14:33:078][INFO ][com.ulisesbocchio.jasyptspringboot.resolver.DefaultLazyPropertyResolver][main]Property Resolver custom Bean not found with name 'encryptablePropertyResolver'. Initializing Default Property Resolver
[21-04-20 15:14:33:081][INFO ][com.ulisesbocchio.jasyptspringboot.detector.DefaultLazyPropertyDetector][main]Property Detector custom Bean not found with name 'encryptablePropertyDetector'. Initializing Default Property Detector
[21-04-20 15:14:33:575][INFO ][org.springframework.boot.web.embedded.tomcat.TomcatWebServer][main]Tomcat initialized with port(s): 9288 (http)
[21-04-20 15:14:33:586][INFO ][org.apache.catalina.core.StandardService][main]Starting service [Tomcat]
[21-04-20 15:14:33:586][INFO ][org.apache.catalina.core.StandardEngine][main]Starting Servlet engine: [Apache Tomcat/9.0.43]
[21-04-20 15:14:33:770][INFO ][org.apache.catalina.core.ContainerBase.[Tomcat].[localhost].[/cube]][main]Initializing Spring embedded WebApplicationContext
[21-04-20 15:14:33:770][INFO ][org.springframework.boot.web.servlet.context.ServletWebServerApplicationContext][main]Root WebApplicationContext: initialization completed in 2200 ms
[21-04-20 15:14:34:754][INFO ][org.springframework.scheduling.concurrent.ThreadPoolTaskExecutor][main]Initializing ExecutorService 'applicationTaskExecutor'
[21-04-20 15:14:35:262][INFO ][org.springframework.scheduling.concurrent.ThreadPoolTaskScheduler][main]Initializing ExecutorService 'taskScheduler'
[21-04-20 15:14:36:855][INFO ][org.springframework.boot.web.embedded.tomcat.TomcatWebServer][main]Tomcat started on port(s): 9288 (http) with context path '/cube'
[21-04-20 15:14:36:892][INFO ][com.alibaba.cloud.nacos.registry.NacosServiceRegistry][main]nacos registry, DEFAULT_GROUP cube-nacos-provider 172.30.1.82:9288 register finished
[21-04-20 15:14:37:615][INFO ][com.cube.CubeBootApplication][main]Started CubeBootApplication in 6.891 seconds (JVM running for 7.306)
[21-04-20 15:14:37:620][INFO ][com.cube.CubeBootApplication][main]
----------------------------------------------------------
	Application is running! Access URLs:
	swagger-ui: 	http://ip:port/${context-path}/swagger/index.html
	----------------------------------------------------------
[21-04-20 15:19:11:943][INFO ][org.apache.catalina.core.ContainerBase.[Tomcat].[localhost].[/cube]][http-nio-9288-exec-3]Initializing Spring DispatcherServlet 'dispatcherServlet'
[21-04-20 15:19:11:943][INFO ][org.springframework.web.servlet.DispatcherServlet][http-nio-9288-exec-3]Initializing Servlet 'dispatcherServlet'
[21-04-20 15:19:11:945][INFO ][org.springframework.web.servlet.DispatcherServlet][http-nio-9288-exec-3]Completed initialization in 2 ms
[21-04-20 15:19:11:983][INFO ][com.cube.controller.TestController][http-nio-9288-exec-3]nacos provider test controller ...
